[debug] [2025-07-18T09:09:31.580Z] ----------------------------------------------------------------------
[debug] [2025-07-18T09:09:31.582Z] Command:       /opt/homebrew/Cellar/node/23.11.0/bin/node /opt/homebrew/bin/firebase init storage
[debug] [2025-07-18T09:09:31.582Z] CLI Version:   14.11.0
[debug] [2025-07-18T09:09:31.582Z] Platform:      darwin
[debug] [2025-07-18T09:09:31.582Z] Node Version:  v23.11.0
[debug] [2025-07-18T09:09:31.583Z] Time:          Fri Jul 18 2025 14:39:31 GMT+0530 (India Standard Time)
[debug] [2025-07-18T09:09:31.583Z] ----------------------------------------------------------------------
[debug] 
[debug] [2025-07-18T09:09:31.662Z] Object "" in "firebase.json" has unknown property: {"additionalProperty":"type"}
[debug] [2025-07-18T09:09:31.664Z] > command requires scopes: ["email","openid","https://www.googleapis.com/auth/cloudplatformprojects.readonly","https://www.googleapis.com/auth/firebase","https://www.googleapis.com/auth/cloud-platform"]
[debug] [2025-07-18T09:09:31.664Z] > authorizing via signed-in user (vandanapupavan1@gmail.com)
[debug] [2025-07-18T09:09:31.664Z] Object "" in "firebase.json" has unknown property: {"additionalProperty":"type"}
[info] 
     ######## #### ########  ######## ########     ###     ######  ########
     ##        ##  ##     ## ##       ##     ##  ##   ##  ##       ##
     ######    ##  ########  ######   ########  #########  ######  ######
     ##        ##  ##    ##  ##       ##     ## ##     ##       ## ##
     ##       #### ##     ## ######## ########  ##     ##  ######  ########

You're about to initialize a Firebase project in this directory:

  /Users/pavankalyanvandanapu/Desktop

Before we get started, keep in mind:

  * You are initializing within an existing Firebase project directory

[info] 
=== Project Setup
[info] 
[info] First, let's associate this project directory with a Firebase project.
[info] You can create multiple project aliases by running firebase use --add, 
[info] but for now we'll just set up a default project.
[info] 
